<?xml version="1.0" encoding="UTF-8"?>
<!-- Generated by org.testng.reporters.JUnitReportReporter -->
<testsuite hostname="Poe" name="com.glb.bootcamp.test.hotelTestSuite" tests="1" failures="0" timestamp="13 Mar 2018 02:54:32 GMT" time="36.478" errors="0">
  <testcase name="searchHotel" time="36.478" classname="com.glb.bootcamp.test.hotelTestSuite"/>
</testsuite> <!-- com.glb.bootcamp.test.hotelTestSuite -->
