<?xml version="1.0" encoding="UTF-8"?>
<!-- Generated by org.testng.reporters.JUnitReportReporter -->
<testsuite hostname="Poe" name="com.glb.bootcamp.test.hotelTestSuite" tests="1" failures="0" timestamp="11 Mar 2018 14:20:14 GMT" time="34.772" errors="0">
  <testcase name="searchHotel" time="34.772" classname="com.glb.bootcamp.test.hotelTestSuite"/>
</testsuite> <!-- com.glb.bootcamp.test.hotelTestSuite -->
