<?xml version="1.0" encoding="UTF-8"?>
<!-- Generated by org.testng.reporters.JUnitReportReporter -->
<testsuite hostname="Poe" name="com.glb.bootcamp.test.hotelTestSuite" tests="1" failures="0" timestamp="12 Mar 2018 02:56:08 GMT" time="40.534" errors="0">
  <testcase name="searchHotel" time="40.534" classname="com.glb.bootcamp.test.hotelTestSuite"/>
</testsuite> <!-- com.glb.bootcamp.test.hotelTestSuite -->
