<?xml version="1.0" encoding="UTF-8"?>
<!-- Generated by org.testng.reporters.JUnitReportReporter -->
<testsuite hostname="Poe" name="com.glb.bootcamp.test.hotelTestSuite" tests="1" failures="0" timestamp="11 Mar 2018 22:33:06 GMT" time="33.789" errors="0">
  <testcase name="searchHotel" time="33.789" classname="com.glb.bootcamp.test.hotelTestSuite"/>
</testsuite> <!-- com.glb.bootcamp.test.hotelTestSuite -->
