<?xml version="1.0" encoding="UTF-8"?>
<!-- Generated by org.testng.reporters.JUnitReportReporter -->
<testsuite hostname="Poe" name="com.glb.bootcamp.test.HotelTestSuite" tests="1" failures="0" timestamp="13 Mar 2018 02:53:02 GMT" time="43.960" errors="0">
  <testcase name="searchHotel" time="43.960" classname="com.glb.bootcamp.test.HotelTestSuite"/>
</testsuite> <!-- com.glb.bootcamp.test.HotelTestSuite -->
