<?xml version="1.0" encoding="UTF-8"?>
<!-- Generated by org.testng.reporters.JUnitReportReporter -->
<testsuite hostname="Poe" name="com.globant.bootcamp.twitter.login.TwitterLoginTestSuite" tests="2" failures="0" timestamp="8 Mar 2018 11:10:07 GMT" time="14.021" errors="0">
  <testcase name="testSuccessfulLogin" time="11.818" classname="com.globant.bootcamp.twitter.login.TwitterLoginTestSuite"/>
  <testcase name="testSuccessfulPosting" time="2.203" classname="com.globant.bootcamp.twitter.login.TwitterLoginTestSuite"/>
</testsuite> <!-- com.globant.bootcamp.twitter.login.TwitterLoginTestSuite -->
