<?xml version="1.0" encoding="UTF-8"?>
<!-- Generated by org.testng.reporters.JUnitReportReporter -->
<testsuite hostname="Poe" name="com.globant.bootcamp.twitter.login.TwitterLoginTestSuite" tests="2" failures="0" timestamp="8 Mar 2018 23:09:24 GMT" time="29.299" errors="0">
  <testcase name="testSuccessfulPosting" time="4.636" classname="com.globant.bootcamp.twitter.login.TwitterLoginTestSuite"/>
  <testcase name="testSuccessfulLogin" time="24.663" classname="com.globant.bootcamp.twitter.login.TwitterLoginTestSuite"/>
</testsuite> <!-- com.globant.bootcamp.twitter.login.TwitterLoginTestSuite -->
